<?xml version="1.0" encoding="UTF-8"?>
<!-- Generated by org.testng.reporters.JUnitReportReporter -->
<testsuite hostname="DESKTOP-09RVBFJ" failures="0" tests="1" name="com.lightbend.lagom.maven_archetype.TestLoginPage" time="66.151" errors="0" timestamp="2024-03-06T20:15:21 ICT" skipped="0">
  <testcase classname="com.lightbend.lagom.maven_archetype.TestLoginPage" name="loginTest" time="66.151"/>
</testsuite> <!-- com.lightbend.lagom.maven_archetype.TestLoginPage -->
