<?xml version="1.0" encoding="UTF-8"?>
<!-- Generated by org.testng.reporters.JUnitReportReporter -->
<testsuite hostname="DESKTOP-09RVBFJ" failures="0" tests="1" name="testpackage.Maven1Test" time="25.586" errors="0" timestamp="2024-02-25T12:06:40 ICT" skipped="0">
  <testcase classname="testpackage.Maven1Test" name="test" time="25.586"/>
</testsuite> <!-- testpackage.Maven1Test -->
