<?xml version="1.0" encoding="UTF-8"?>
<!-- Generated by org.testng.reporters.JUnitReportReporter -->
<testsuite hostname="DESKTOP-09RVBFJ" failures="0" tests="1" name="com.lightbend.lagom.maven_archetype.TestDropDownList" time="47.832" errors="0" timestamp="2024-03-10T12:47:04 ICT" skipped="0">
  <testcase classname="com.lightbend.lagom.maven_archetype.TestDropDownList" name="testSelectOption" time="47.832"/>
</testsuite> <!-- com.lightbend.lagom.maven_archetype.TestDropDownList -->
